2023-03-11 13:06:43,282 - kedro.framework.session.session - INFO - Kedro project kedro-agnews-tf
2023-03-11 13:06:45,212 - py.warnings - WARNING - /home/dheeraj/pyenvis/kedro-agnews-tf/lib/python3.10/site-packages/tensorflow/python/framework/dtypes.py:246: DeprecationWarning: `np.bool8` is a deprecated alias for `np.bool_`.  (Deprecated NumPy 1.24)
  np.bool8: (False, True),

2023-03-11 13:06:47,431 - kedro.io.data_catalog - INFO - Loading data from 'ag_news_train' (CSVDataSet)...
2023-03-11 13:06:47,889 - kedro.io.data_catalog - INFO - Loading data from 'ag_news_test' (CSVDataSet)...
2023-03-11 13:06:47,920 - kedro.pipeline.node - INFO - Running node: preprocess_data_node: preprocess_data([ag_news_train,ag_news_test]) -> [x,x_test,y,y_test]
2023-03-11 13:06:58,638 - kedro.io.data_catalog - INFO - Saving data to 'x' (PickleDataSet)...
2023-03-11 13:06:59,067 - kedro.io.data_catalog - INFO - Saving data to 'x_test' (PickleDataSet)...
2023-03-11 13:06:59,069 - kedro.io.data_catalog - INFO - Saving data to 'y' (PickleDataSet)...
2023-03-11 13:06:59,073 - kedro.io.data_catalog - INFO - Saving data to 'y_test' (PickleDataSet)...
2023-03-11 13:06:59,085 - kedro.runner.sequential_runner - INFO - Completed 1 out of 4 tasks
2023-03-11 13:06:59,088 - kedro.io.data_catalog - INFO - Loading data from 'x' (PickleDataSet)...
2023-03-11 13:06:59,227 - kedro.io.data_catalog - INFO - Loading data from 'y' (PickleDataSet)...
2023-03-11 13:06:59,229 - kedro.io.data_catalog - INFO - Loading data from 'params:data_params' (MemoryDataSet)...
2023-03-11 13:06:59,231 - kedro.pipeline.node - INFO - Running node: train_val_split_node: train_val_split([x,y,params:data_params]) -> [x_train,x_val,y_train,y_val]
2023-03-11 13:06:59,319 - kedro.io.data_catalog - INFO - Saving data to 'x_train' (PickleDataSet)...
2023-03-11 13:06:59,322 - kedro.io.data_catalog - INFO - Saving data to 'x_val' (PickleDataSet)...
2023-03-11 13:06:59,324 - kedro.io.data_catalog - INFO - Saving data to 'y_train' (PickleDataSet)...
2023-03-11 13:06:59,326 - kedro.io.data_catalog - INFO - Saving data to 'y_val' (PickleDataSet)...
2023-03-11 13:06:59,351 - kedro.runner.sequential_runner - INFO - Completed 2 out of 4 tasks
2023-03-11 13:06:59,354 - kedro.io.data_catalog - INFO - Loading data from 'x_train' (PickleDataSet)...
2023-03-11 13:06:59,356 - kedro.io.data_catalog - INFO - Loading data from 'x_val' (PickleDataSet)...
2023-03-11 13:06:59,358 - kedro.io.data_catalog - INFO - Loading data from 'y_train' (PickleDataSet)...
2023-03-11 13:06:59,361 - kedro.io.data_catalog - INFO - Loading data from 'y_val' (PickleDataSet)...
2023-03-11 13:06:59,363 - kedro.io.data_catalog - INFO - Loading data from 'params:model_params' (MemoryDataSet)...
2023-03-11 13:06:59,365 - kedro.pipeline.node - INFO - Running node: train_model_node: train_model([x_train,x_val,y_train,y_val,params:model_params]) -> [ag_news_tf_model]
2023-03-11 13:07:18,877 - kedro.io.data_catalog - INFO - Saving data to 'ag_news_tf_model' (TensorFlowModelDataset)...
2023-03-11 13:07:41,188 - absl - WARNING - Found untraced functions such as _update_step_xla, lstm_cell_1_layer_call_fn, lstm_cell_1_layer_call_and_return_conditional_losses, lstm_cell_2_layer_call_fn, lstm_cell_2_layer_call_and_return_conditional_losses while saving (showing 5 of 9). These functions will not be directly callable after loading.
2023-03-11 13:07:47,018 - kedro.runner.sequential_runner - INFO - Completed 3 out of 4 tasks
2023-03-11 13:07:47,022 - kedro.io.data_catalog - INFO - Loading data from 'ag_news_tf_model' (TensorFlowModelDataset)...
2023-03-11 13:07:59,926 - kedro.io.data_catalog - INFO - Loading data from 'x_test' (PickleDataSet)...
2023-03-11 13:07:59,930 - kedro.io.data_catalog - INFO - Loading data from 'y_test' (PickleDataSet)...
2023-03-11 13:07:59,932 - kedro.pipeline.node - INFO - Running node: evaluate_model_node: evaluate_model([ag_news_tf_model,x_test,y_test]) -> [confusion_matrix]
2023-03-11 13:08:02,086 - kedro_agnews_tf.pipelines.data_science.nodes - INFO - Recall of the model is 0.54
2023-03-11 13:08:02,090 - kedro_agnews_tf.pipelines.data_science.nodes - INFO - Precision of the model is 0.54
2023-03-11 13:08:02,093 - kedro_agnews_tf.pipelines.data_science.nodes - INFO - Accuracy of the model is 0.54
2023-03-11 13:08:02,316 - kedro.io.data_catalog - INFO - Saving data to 'confusion_matrix' (MatplotlibWriter)...
2023-03-11 13:08:02,629 - kedro.runner.sequential_runner - INFO - Completed 4 out of 4 tasks
2023-03-11 13:08:02,631 - kedro.runner.sequential_runner - INFO - Pipeline execution completed successfully.
